[0.124s] DEBUG:colcon:Command line arguments: ['/usr/bin/colcon', 'build']
[0.124s] DEBUG:colcon:Parsed command line arguments: Namespace(log_base=None, log_level=None, verb_name='build', build_base='build', install_base='install', merge_install=False, symlink_install=False, test_result_base=None, continue_on_error=False, executor='parallel', parallel_workers=12, event_handlers=None, ignore_user_meta=False, metas=['./colcon.meta'], base_paths=['.'], packages_ignore=None, packages_ignore_regex=None, paths=None, packages_up_to=None, packages_up_to_regex=None, packages_above=None, packages_above_and_dependencies=None, packages_above_depth=None, packages_select_by_dep=None, packages_skip_by_dep=None, packages_skip_up_to=None, packages_select_build_failed=False, packages_skip_build_finished=False, packages_select_test_failures=False, packages_skip_test_passed=False, packages_select=None, packages_skip=None, packages_select_regex=None, packages_skip_regex=None, packages_start=None, packages_end=None, allow_overriding=[], cmake_args=None, cmake_target=None, cmake_target_skip_unavailable=False, cmake_clean_cache=False, cmake_clean_first=False, cmake_force_configure=False, ament_cmake_args=None, catkin_cmake_args=None, catkin_skip_building_tests=False, verb_parser=<colcon_defaults.argument_parser.defaults.DefaultArgumentsDecorator object at 0x7766f4048580>, verb_extension=<colcon_core.verb.build.BuildVerb object at 0x7766f414d1b0>, main=<bound method BuildVerb.main of <colcon_core.verb.build.BuildVerb object at 0x7766f414d1b0>>)
[0.323s] Level 1:colcon.colcon_core.package_discovery:discover_packages(colcon_meta) check parameters
[0.323s] Level 1:colcon.colcon_core.package_discovery:discover_packages(recursive) check parameters
[0.323s] Level 1:colcon.colcon_core.package_discovery:discover_packages(ignore) check parameters
[0.323s] Level 1:colcon.colcon_core.package_discovery:discover_packages(path) check parameters
[0.323s] Level 1:colcon.colcon_core.package_discovery:discover_packages(colcon_meta) discover
[0.324s] Level 1:colcon.colcon_core.package_discovery:discover_packages(recursive) discover
[0.324s] INFO:colcon.colcon_core.package_discovery:Crawling recursively for packages in '/home/habiba/AP25_PH_Sensor/src'
[0.324s] Level 1:colcon.colcon_core.package_identification:_identify(.) by extensions ['ignore', 'ignore_ament_install']
[0.324s] Level 1:colcon.colcon_core.package_identification:_identify(.) by extension 'ignore'
[0.324s] Level 1:colcon.colcon_core.package_identification:_identify(.) by extension 'ignore_ament_install'
[0.324s] Level 1:colcon.colcon_core.package_identification:_identify(.) by extensions ['colcon_pkg']
[0.324s] Level 1:colcon.colcon_core.package_identification:_identify(.) by extension 'colcon_pkg'
[0.324s] Level 1:colcon.colcon_core.package_identification:_identify(.) by extensions ['colcon_meta']
[0.324s] Level 1:colcon.colcon_core.package_identification:_identify(.) by extension 'colcon_meta'
[0.324s] Level 1:colcon.colcon_core.package_identification:_identify(.) by extensions ['ros']
[0.324s] Level 1:colcon.colcon_core.package_identification:_identify(.) by extension 'ros'
[0.335s] Level 1:colcon.colcon_core.package_identification:_identify(.) by extensions ['cmake', 'python']
[0.335s] Level 1:colcon.colcon_core.package_identification:_identify(.) by extension 'cmake'
[0.335s] Level 1:colcon.colcon_core.package_identification:_identify(.) by extension 'python'
[0.335s] Level 1:colcon.colcon_core.package_identification:_identify(.) by extensions ['python_setup_py']
[0.335s] Level 1:colcon.colcon_core.package_identification:_identify(.) by extension 'python_setup_py'
[0.335s] Level 1:colcon.colcon_core.package_identification:_identify(build) by extensions ['ignore', 'ignore_ament_install']
[0.335s] Level 1:colcon.colcon_core.package_identification:_identify(build) by extension 'ignore'
[0.335s] Level 1:colcon.colcon_core.package_identification:_identify(build) ignored
[0.335s] Level 1:colcon.colcon_core.package_identification:_identify(install) by extensions ['ignore', 'ignore_ament_install']
[0.335s] Level 1:colcon.colcon_core.package_identification:_identify(install) by extension 'ignore'
[0.335s] Level 1:colcon.colcon_core.package_identification:_identify(install) ignored
[0.335s] Level 1:colcon.colcon_core.package_identification:_identify(log) by extensions ['ignore', 'ignore_ament_install']
[0.335s] Level 1:colcon.colcon_core.package_identification:_identify(log) by extension 'ignore'
[0.335s] Level 1:colcon.colcon_core.package_identification:_identify(log) ignored
[0.336s] Level 1:colcon.colcon_core.package_identification:_identify(micro-ROS-Agent) by extensions ['ignore', 'ignore_ament_install']
[0.336s] Level 1:colcon.colcon_core.package_identification:_identify(micro-ROS-Agent) by extension 'ignore'
[0.336s] Level 1:colcon.colcon_core.package_identification:_identify(micro-ROS-Agent) by extension 'ignore_ament_install'
[0.336s] Level 1:colcon.colcon_core.package_identification:_identify(micro-ROS-Agent) by extensions ['colcon_pkg']
[0.336s] Level 1:colcon.colcon_core.package_identification:_identify(micro-ROS-Agent) by extension 'colcon_pkg'
[0.336s] Level 1:colcon.colcon_core.package_identification:_identify(micro-ROS-Agent) by extensions ['colcon_meta']
[0.336s] Level 1:colcon.colcon_core.package_identification:_identify(micro-ROS-Agent) by extension 'colcon_meta'
[0.336s] Level 1:colcon.colcon_core.package_identification:_identify(micro-ROS-Agent) by extensions ['ros']
[0.336s] Level 1:colcon.colcon_core.package_identification:_identify(micro-ROS-Agent) by extension 'ros'
[0.336s] Level 1:colcon.colcon_core.package_identification:_identify(micro-ROS-Agent) by extensions ['cmake', 'python']
[0.336s] Level 1:colcon.colcon_core.package_identification:_identify(micro-ROS-Agent) by extension 'cmake'
[0.336s] Level 1:colcon.colcon_core.package_identification:_identify(micro-ROS-Agent) by extension 'python'
[0.336s] Level 1:colcon.colcon_core.package_identification:_identify(micro-ROS-Agent) by extensions ['python_setup_py']
[0.336s] Level 1:colcon.colcon_core.package_identification:_identify(micro-ROS-Agent) by extension 'python_setup_py'
[0.336s] Level 1:colcon.colcon_core.package_identification:_identify(micro-ROS-Agent/micro_ros_agent) by extensions ['ignore', 'ignore_ament_install']
[0.337s] Level 1:colcon.colcon_core.package_identification:_identify(micro-ROS-Agent/micro_ros_agent) by extension 'ignore'
[0.337s] Level 1:colcon.colcon_core.package_identification:_identify(micro-ROS-Agent/micro_ros_agent) by extension 'ignore_ament_install'
[0.337s] Level 1:colcon.colcon_core.package_identification:_identify(micro-ROS-Agent/micro_ros_agent) by extensions ['colcon_pkg']
[0.337s] Level 1:colcon.colcon_core.package_identification:_identify(micro-ROS-Agent/micro_ros_agent) by extension 'colcon_pkg'
[0.337s] Level 1:colcon.colcon_core.package_identification:_identify(micro-ROS-Agent/micro_ros_agent) by extensions ['colcon_meta']
[0.337s] Level 1:colcon.colcon_core.package_identification:_identify(micro-ROS-Agent/micro_ros_agent) by extension 'colcon_meta'
[0.337s] Level 1:colcon.colcon_core.package_identification:_identify(micro-ROS-Agent/micro_ros_agent) by extensions ['ros']
[0.337s] Level 1:colcon.colcon_core.package_identification:_identify(micro-ROS-Agent/micro_ros_agent) by extension 'ros'
[0.340s] DEBUG:colcon.colcon_core.package_identification:Package 'micro-ROS-Agent/micro_ros_agent' with type 'ros.ament_cmake' and name 'micro_ros_agent'
[0.340s] Level 1:colcon.colcon_core.package_identification:_identify(micro-ROS-Agent/snap) by extensions ['ignore', 'ignore_ament_install']
[0.340s] Level 1:colcon.colcon_core.package_identification:_identify(micro-ROS-Agent/snap) by extension 'ignore'
[0.340s] Level 1:colcon.colcon_core.package_identification:_identify(micro-ROS-Agent/snap) by extension 'ignore_ament_install'
[0.340s] Level 1:colcon.colcon_core.package_identification:_identify(micro-ROS-Agent/snap) by extensions ['colcon_pkg']
[0.340s] Level 1:colcon.colcon_core.package_identification:_identify(micro-ROS-Agent/snap) by extension 'colcon_pkg'
[0.340s] Level 1:colcon.colcon_core.package_identification:_identify(micro-ROS-Agent/snap) by extensions ['colcon_meta']
[0.340s] Level 1:colcon.colcon_core.package_identification:_identify(micro-ROS-Agent/snap) by extension 'colcon_meta'
[0.340s] Level 1:colcon.colcon_core.package_identification:_identify(micro-ROS-Agent/snap) by extensions ['ros']
[0.341s] Level 1:colcon.colcon_core.package_identification:_identify(micro-ROS-Agent/snap) by extension 'ros'
[0.341s] Level 1:colcon.colcon_core.package_identification:_identify(micro-ROS-Agent/snap) by extensions ['cmake', 'python']
[0.341s] Level 1:colcon.colcon_core.package_identification:_identify(micro-ROS-Agent/snap) by extension 'cmake'
[0.341s] Level 1:colcon.colcon_core.package_identification:_identify(micro-ROS-Agent/snap) by extension 'python'
[0.341s] Level 1:colcon.colcon_core.package_identification:_identify(micro-ROS-Agent/snap) by extensions ['python_setup_py']
[0.341s] Level 1:colcon.colcon_core.package_identification:_identify(micro-ROS-Agent/snap) by extension 'python_setup_py'
[0.341s] Level 1:colcon.colcon_core.package_identification:_identify(micro-ROS-Agent/snap/hooks) by extensions ['ignore', 'ignore_ament_install']
[0.341s] Level 1:colcon.colcon_core.package_identification:_identify(micro-ROS-Agent/snap/hooks) by extension 'ignore'
[0.341s] Level 1:colcon.colcon_core.package_identification:_identify(micro-ROS-Agent/snap/hooks) by extension 'ignore_ament_install'
[0.341s] Level 1:colcon.colcon_core.package_identification:_identify(micro-ROS-Agent/snap/hooks) by extensions ['colcon_pkg']
[0.341s] Level 1:colcon.colcon_core.package_identification:_identify(micro-ROS-Agent/snap/hooks) by extension 'colcon_pkg'
[0.341s] Level 1:colcon.colcon_core.package_identification:_identify(micro-ROS-Agent/snap/hooks) by extensions ['colcon_meta']
[0.341s] Level 1:colcon.colcon_core.package_identification:_identify(micro-ROS-Agent/snap/hooks) by extension 'colcon_meta'
[0.341s] Level 1:colcon.colcon_core.package_identification:_identify(micro-ROS-Agent/snap/hooks) by extensions ['ros']
[0.341s] Level 1:colcon.colcon_core.package_identification:_identify(micro-ROS-Agent/snap/hooks) by extension 'ros'
[0.341s] Level 1:colcon.colcon_core.package_identification:_identify(micro-ROS-Agent/snap/hooks) by extensions ['cmake', 'python']
[0.341s] Level 1:colcon.colcon_core.package_identification:_identify(micro-ROS-Agent/snap/hooks) by extension 'cmake'
[0.341s] Level 1:colcon.colcon_core.package_identification:_identify(micro-ROS-Agent/snap/hooks) by extension 'python'
[0.342s] Level 1:colcon.colcon_core.package_identification:_identify(micro-ROS-Agent/snap/hooks) by extensions ['python_setup_py']
[0.342s] Level 1:colcon.colcon_core.package_identification:_identify(micro-ROS-Agent/snap/hooks) by extension 'python_setup_py'
[0.342s] Level 1:colcon.colcon_core.package_identification:_identify(micro-ROS-Agent/snap/local) by extensions ['ignore', 'ignore_ament_install']
[0.342s] Level 1:colcon.colcon_core.package_identification:_identify(micro-ROS-Agent/snap/local) by extension 'ignore'
[0.342s] Level 1:colcon.colcon_core.package_identification:_identify(micro-ROS-Agent/snap/local) by extension 'ignore_ament_install'
[0.342s] Level 1:colcon.colcon_core.package_identification:_identify(micro-ROS-Agent/snap/local) by extensions ['colcon_pkg']
[0.342s] Level 1:colcon.colcon_core.package_identification:_identify(micro-ROS-Agent/snap/local) by extension 'colcon_pkg'
[0.342s] Level 1:colcon.colcon_core.package_identification:_identify(micro-ROS-Agent/snap/local) by extensions ['colcon_meta']
[0.342s] Level 1:colcon.colcon_core.package_identification:_identify(micro-ROS-Agent/snap/local) by extension 'colcon_meta'
[0.342s] Level 1:colcon.colcon_core.package_identification:_identify(micro-ROS-Agent/snap/local) by extensions ['ros']
[0.342s] Level 1:colcon.colcon_core.package_identification:_identify(micro-ROS-Agent/snap/local) by extension 'ros'
[0.342s] Level 1:colcon.colcon_core.package_identification:_identify(micro-ROS-Agent/snap/local) by extensions ['cmake', 'python']
[0.342s] Level 1:colcon.colcon_core.package_identification:_identify(micro-ROS-Agent/snap/local) by extension 'cmake'
[0.342s] Level 1:colcon.colcon_core.package_identification:_identify(micro-ROS-Agent/snap/local) by extension 'python'
[0.342s] Level 1:colcon.colcon_core.package_identification:_identify(micro-ROS-Agent/snap/local) by extensions ['python_setup_py']
[0.342s] Level 1:colcon.colcon_core.package_identification:_identify(micro-ROS-Agent/snap/local) by extension 'python_setup_py'
[0.343s] Level 1:colcon.colcon_core.package_identification:_identify(ph_subscriber) by extensions ['ignore', 'ignore_ament_install']
[0.343s] Level 1:colcon.colcon_core.package_identification:_identify(ph_subscriber) by extension 'ignore'
[0.343s] Level 1:colcon.colcon_core.package_identification:_identify(ph_subscriber) by extension 'ignore_ament_install'
[0.343s] Level 1:colcon.colcon_core.package_identification:_identify(ph_subscriber) by extensions ['colcon_pkg']
[0.343s] Level 1:colcon.colcon_core.package_identification:_identify(ph_subscriber) by extension 'colcon_pkg'
[0.343s] Level 1:colcon.colcon_core.package_identification:_identify(ph_subscriber) by extensions ['colcon_meta']
[0.343s] Level 1:colcon.colcon_core.package_identification:_identify(ph_subscriber) by extension 'colcon_meta'
[0.343s] Level 1:colcon.colcon_core.package_identification:_identify(ph_subscriber) by extensions ['ros']
[0.343s] Level 1:colcon.colcon_core.package_identification:_identify(ph_subscriber) by extension 'ros'
[0.343s] DEBUG:colcon.colcon_core.package_identification:Package 'ph_subscriber' with type 'ros.ament_python' and name 'ph_subscriber'
[0.344s] Level 1:colcon.colcon_core.package_discovery:discover_packages(recursive) using defaults
[0.344s] Level 1:colcon.colcon_core.package_discovery:discover_packages(ignore) discover
[0.344s] Level 1:colcon.colcon_core.package_discovery:discover_packages(ignore) using defaults
[0.344s] Level 1:colcon.colcon_core.package_discovery:discover_packages(path) discover
[0.344s] Level 1:colcon.colcon_core.package_discovery:discover_packages(path) using defaults
[0.365s] Level 1:colcon.colcon_core.package_discovery:discover_packages(prefix_path) check parameters
[0.365s] Level 1:colcon.colcon_core.package_discovery:discover_packages(prefix_path) discover
[0.368s] DEBUG:colcon.colcon_installed_package_information.package_discovery:Found 274 installed packages in /opt/ros/humble
[0.377s] Level 1:colcon.colcon_core.package_discovery:discover_packages(prefix_path) using defaults
[0.413s] Level 5:colcon.colcon_core.verb:set package 'micro_ros_agent' build argument 'cmake_args' from command line to 'None'
[0.413s] Level 5:colcon.colcon_core.verb:set package 'micro_ros_agent' build argument 'cmake_target' from command line to 'None'
[0.413s] Level 5:colcon.colcon_core.verb:set package 'micro_ros_agent' build argument 'cmake_target_skip_unavailable' from command line to 'False'
[0.413s] Level 5:colcon.colcon_core.verb:set package 'micro_ros_agent' build argument 'cmake_clean_cache' from command line to 'False'
[0.413s] Level 5:colcon.colcon_core.verb:set package 'micro_ros_agent' build argument 'cmake_clean_first' from command line to 'False'
[0.413s] Level 5:colcon.colcon_core.verb:set package 'micro_ros_agent' build argument 'cmake_force_configure' from command line to 'False'
[0.413s] Level 5:colcon.colcon_core.verb:set package 'micro_ros_agent' build argument 'ament_cmake_args' from command line to 'None'
[0.413s] Level 5:colcon.colcon_core.verb:set package 'micro_ros_agent' build argument 'catkin_cmake_args' from command line to 'None'
[0.413s] Level 5:colcon.colcon_core.verb:set package 'micro_ros_agent' build argument 'catkin_skip_building_tests' from command line to 'False'
[0.413s] DEBUG:colcon.colcon_core.verb:Building package 'micro_ros_agent' with the following arguments: {'ament_cmake_args': None, 'build_base': '/home/habiba/AP25_PH_Sensor/src/build/micro_ros_agent', 'catkin_cmake_args': None, 'catkin_skip_building_tests': False, 'cmake_args': None, 'cmake_clean_cache': False, 'cmake_clean_first': False, 'cmake_force_configure': False, 'cmake_target': None, 'cmake_target_skip_unavailable': False, 'install_base': '/home/habiba/AP25_PH_Sensor/src/install/micro_ros_agent', 'merge_install': False, 'path': '/home/habiba/AP25_PH_Sensor/src/micro-ROS-Agent/micro_ros_agent', 'symlink_install': False, 'test_result_base': None}
[0.413s] Level 5:colcon.colcon_core.verb:set package 'ph_subscriber' build argument 'cmake_args' from command line to 'None'
[0.413s] Level 5:colcon.colcon_core.verb:set package 'ph_subscriber' build argument 'cmake_target' from command line to 'None'
[0.414s] Level 5:colcon.colcon_core.verb:set package 'ph_subscriber' build argument 'cmake_target_skip_unavailable' from command line to 'False'
[0.414s] Level 5:colcon.colcon_core.verb:set package 'ph_subscriber' build argument 'cmake_clean_cache' from command line to 'False'
[0.414s] Level 5:colcon.colcon_core.verb:set package 'ph_subscriber' build argument 'cmake_clean_first' from command line to 'False'
[0.414s] Level 5:colcon.colcon_core.verb:set package 'ph_subscriber' build argument 'cmake_force_configure' from command line to 'False'
[0.414s] Level 5:colcon.colcon_core.verb:set package 'ph_subscriber' build argument 'ament_cmake_args' from command line to 'None'
[0.414s] Level 5:colcon.colcon_core.verb:set package 'ph_subscriber' build argument 'catkin_cmake_args' from command line to 'None'
[0.414s] Level 5:colcon.colcon_core.verb:set package 'ph_subscriber' build argument 'catkin_skip_building_tests' from command line to 'False'
[0.414s] DEBUG:colcon.colcon_core.verb:Building package 'ph_subscriber' with the following arguments: {'ament_cmake_args': None, 'build_base': '/home/habiba/AP25_PH_Sensor/src/build/ph_subscriber', 'catkin_cmake_args': None, 'catkin_skip_building_tests': False, 'cmake_args': None, 'cmake_clean_cache': False, 'cmake_clean_first': False, 'cmake_force_configure': False, 'cmake_target': None, 'cmake_target_skip_unavailable': False, 'install_base': '/home/habiba/AP25_PH_Sensor/src/install/ph_subscriber', 'merge_install': False, 'path': '/home/habiba/AP25_PH_Sensor/src/ph_subscriber', 'symlink_install': False, 'test_result_base': None}
[0.414s] INFO:colcon.colcon_core.executor:Executing jobs using 'parallel' executor
[0.415s] DEBUG:colcon.colcon_parallel_executor.executor.parallel:run_until_complete
[0.415s] INFO:colcon.colcon_ros.task.ament_cmake.build:Building ROS package in '/home/habiba/AP25_PH_Sensor/src/micro-ROS-Agent/micro_ros_agent' with build type 'ament_cmake'
[0.415s] INFO:colcon.colcon_cmake.task.cmake.build:Building CMake package in '/home/habiba/AP25_PH_Sensor/src/micro-ROS-Agent/micro_ros_agent'
[0.418s] INFO:colcon.colcon_core.plugin_system:Skipping extension 'colcon_core.shell.bat': Not used on non-Windows systems
[0.418s] INFO:colcon.colcon_core.shell:Skip shell extension 'powershell' for command environment: Not usable outside of PowerShell
[0.418s] DEBUG:colcon.colcon_core.shell:Skip shell extension 'dsv' for command environment
[0.421s] INFO:colcon.colcon_ros.task.ament_python.build:Building ROS package in '/home/habiba/AP25_PH_Sensor/src/ph_subscriber' with build type 'ament_python'
[0.421s] Level 1:colcon.colcon_core.shell:create_environment_hook('ph_subscriber', 'ament_prefix_path')
[0.421s] INFO:colcon.colcon_core.shell:Creating environment hook '/home/habiba/AP25_PH_Sensor/src/install/ph_subscriber/share/ph_subscriber/hook/ament_prefix_path.ps1'
[0.422s] INFO:colcon.colcon_core.shell:Creating environment descriptor '/home/habiba/AP25_PH_Sensor/src/install/ph_subscriber/share/ph_subscriber/hook/ament_prefix_path.dsv'
[0.422s] INFO:colcon.colcon_core.shell:Creating environment hook '/home/habiba/AP25_PH_Sensor/src/install/ph_subscriber/share/ph_subscriber/hook/ament_prefix_path.sh'
[0.423s] INFO:colcon.colcon_core.shell:Skip shell extension 'powershell' for command environment: Not usable outside of PowerShell
[0.423s] DEBUG:colcon.colcon_core.shell:Skip shell extension 'dsv' for command environment
[0.428s] DEBUG:colcon.colcon_core.event_handler.log_command:Invoking command in '/home/habiba/AP25_PH_Sensor/src/build/micro_ros_agent': CMAKE_PREFIX_PATH=/opt/ros/humble /usr/bin/cmake /home/habiba/AP25_PH_Sensor/src/micro-ROS-Agent/micro_ros_agent -DCMAKE_INSTALL_PREFIX=/home/habiba/AP25_PH_Sensor/src/install/micro_ros_agent
[0.688s] INFO:colcon.colcon_core.task.python.build:Building Python package in '/home/habiba/AP25_PH_Sensor/src/ph_subscriber'
[0.688s] INFO:colcon.colcon_core.shell:Skip shell extension 'powershell' for command environment: Not usable outside of PowerShell
[0.689s] DEBUG:colcon.colcon_core.shell:Skip shell extension 'dsv' for command environment
[0.785s] DEBUG:colcon.colcon_core.event_handler.log_command:Invoked command in '/home/habiba/AP25_PH_Sensor/src/build/micro_ros_agent' returned '0': CMAKE_PREFIX_PATH=/opt/ros/humble /usr/bin/cmake /home/habiba/AP25_PH_Sensor/src/micro-ROS-Agent/micro_ros_agent -DCMAKE_INSTALL_PREFIX=/home/habiba/AP25_PH_Sensor/src/install/micro_ros_agent
[0.786s] DEBUG:colcon.colcon_core.event_handler.log_command:Invoking command in '/home/habiba/AP25_PH_Sensor/src/build/micro_ros_agent': CMAKE_PREFIX_PATH=/opt/ros/humble /usr/bin/cmake --build /home/habiba/AP25_PH_Sensor/src/build/micro_ros_agent -- -j12 -l12
[1.038s] DEBUG:colcon.colcon_core.event_handler.log_command:Invoking command in '/home/habiba/AP25_PH_Sensor/src/ph_subscriber': PYTHONPATH=/home/habiba/AP25_PH_Sensor/src/build/ph_subscriber/prefix_override:/usr/lib/python3/dist-packages/colcon_core/task/python/colcon_distutils_commands:/home/habiba/AP25_PH_Sensor/src/install/ph_subscriber/lib/python3.10/site-packages:${PYTHONPATH} /usr/bin/python3 -W ignore:setup.py install is deprecated setup.py egg_info --egg-base ../build/ph_subscriber build --build-base /home/habiba/AP25_PH_Sensor/src/build/ph_subscriber/build install --record /home/habiba/AP25_PH_Sensor/src/build/ph_subscriber/install.log --single-version-externally-managed install_data
[1.309s] DEBUG:colcon.colcon_core.event_handler.log_command:Invoked command in '/home/habiba/AP25_PH_Sensor/src/ph_subscriber' returned '0': PYTHONPATH=/home/habiba/AP25_PH_Sensor/src/build/ph_subscriber/prefix_override:/usr/lib/python3/dist-packages/colcon_core/task/python/colcon_distutils_commands:/home/habiba/AP25_PH_Sensor/src/install/ph_subscriber/lib/python3.10/site-packages:${PYTHONPATH} /usr/bin/python3 -W ignore:setup.py install is deprecated setup.py egg_info --egg-base ../build/ph_subscriber build --build-base /home/habiba/AP25_PH_Sensor/src/build/ph_subscriber/build install --record /home/habiba/AP25_PH_Sensor/src/build/ph_subscriber/install.log --single-version-externally-managed install_data
[1.316s] Level 1:colcon.colcon_core.environment:checking '/home/habiba/AP25_PH_Sensor/src/install/ph_subscriber' for CMake module files
[1.317s] Level 1:colcon.colcon_core.environment:checking '/home/habiba/AP25_PH_Sensor/src/install/ph_subscriber' for CMake config files
[1.317s] Level 1:colcon.colcon_core.environment:checking '/home/habiba/AP25_PH_Sensor/src/install/ph_subscriber/lib'
[1.318s] Level 1:colcon.colcon_core.environment:checking '/home/habiba/AP25_PH_Sensor/src/install/ph_subscriber/bin'
[1.318s] Level 1:colcon.colcon_core.environment:checking '/home/habiba/AP25_PH_Sensor/src/install/ph_subscriber/lib/pkgconfig/ph_subscriber.pc'
[1.318s] Level 1:colcon.colcon_core.environment:checking '/home/habiba/AP25_PH_Sensor/src/install/ph_subscriber/lib/python3.10/site-packages'
[1.318s] Level 1:colcon.colcon_core.shell:create_environment_hook('ph_subscriber', 'pythonpath')
[1.318s] INFO:colcon.colcon_core.shell:Creating environment hook '/home/habiba/AP25_PH_Sensor/src/install/ph_subscriber/share/ph_subscriber/hook/pythonpath.ps1'
[1.318s] INFO:colcon.colcon_core.shell:Creating environment descriptor '/home/habiba/AP25_PH_Sensor/src/install/ph_subscriber/share/ph_subscriber/hook/pythonpath.dsv'
[1.319s] INFO:colcon.colcon_core.shell:Creating environment hook '/home/habiba/AP25_PH_Sensor/src/install/ph_subscriber/share/ph_subscriber/hook/pythonpath.sh'
[1.319s] Level 1:colcon.colcon_core.environment:checking '/home/habiba/AP25_PH_Sensor/src/install/ph_subscriber/bin'
[1.319s] Level 1:colcon.colcon_core.environment:create_environment_scripts_only(ph_subscriber)
[1.320s] INFO:colcon.colcon_core.shell:Creating package script '/home/habiba/AP25_PH_Sensor/src/install/ph_subscriber/share/ph_subscriber/package.ps1'
[1.321s] INFO:colcon.colcon_core.shell:Creating package descriptor '/home/habiba/AP25_PH_Sensor/src/install/ph_subscriber/share/ph_subscriber/package.dsv'
[1.321s] INFO:colcon.colcon_core.shell:Creating package script '/home/habiba/AP25_PH_Sensor/src/install/ph_subscriber/share/ph_subscriber/package.sh'
[1.322s] INFO:colcon.colcon_core.shell:Creating package script '/home/habiba/AP25_PH_Sensor/src/install/ph_subscriber/share/ph_subscriber/package.bash'
[1.323s] INFO:colcon.colcon_core.shell:Creating package script '/home/habiba/AP25_PH_Sensor/src/install/ph_subscriber/share/ph_subscriber/package.zsh'
[1.324s] Level 1:colcon.colcon_core.environment:create_file_with_runtime_dependencies(/home/habiba/AP25_PH_Sensor/src/install/ph_subscriber/share/colcon-core/packages/ph_subscriber)
[33.990s] DEBUG:colcon.colcon_core.event_handler.log_command:Invoked command in '/home/habiba/AP25_PH_Sensor/src/build/micro_ros_agent' returned '0': CMAKE_PREFIX_PATH=/opt/ros/humble /usr/bin/cmake --build /home/habiba/AP25_PH_Sensor/src/build/micro_ros_agent -- -j12 -l12
[34.023s] DEBUG:colcon.colcon_core.event_handler.log_command:Invoking command in '/home/habiba/AP25_PH_Sensor/src/build/micro_ros_agent': CMAKE_PREFIX_PATH=/opt/ros/humble /usr/bin/cmake --install /home/habiba/AP25_PH_Sensor/src/build/micro_ros_agent
[34.034s] Level 1:colcon.colcon_core.environment:create_environment_scripts_only(micro_ros_agent)
[34.034s] Level 1:colcon.colcon_core.environment:checking '/home/habiba/AP25_PH_Sensor/src/install/micro_ros_agent' for CMake module files
[34.035s] DEBUG:colcon.colcon_core.event_handler.log_command:Invoked command in '/home/habiba/AP25_PH_Sensor/src/build/micro_ros_agent' returned '0': CMAKE_PREFIX_PATH=/opt/ros/humble /usr/bin/cmake --install /home/habiba/AP25_PH_Sensor/src/build/micro_ros_agent
[34.035s] Level 1:colcon.colcon_core.environment:checking '/home/habiba/AP25_PH_Sensor/src/install/micro_ros_agent' for CMake config files
[34.036s] Level 1:colcon.colcon_core.shell:create_environment_hook('micro_ros_agent', 'cmake_prefix_path')
[34.036s] INFO:colcon.colcon_core.shell:Creating environment hook '/home/habiba/AP25_PH_Sensor/src/install/micro_ros_agent/share/micro_ros_agent/hook/cmake_prefix_path.ps1'
[34.036s] INFO:colcon.colcon_core.shell:Creating environment descriptor '/home/habiba/AP25_PH_Sensor/src/install/micro_ros_agent/share/micro_ros_agent/hook/cmake_prefix_path.dsv'
[34.037s] INFO:colcon.colcon_core.shell:Creating environment hook '/home/habiba/AP25_PH_Sensor/src/install/micro_ros_agent/share/micro_ros_agent/hook/cmake_prefix_path.sh'
[34.037s] Level 1:colcon.colcon_core.environment:checking '/home/habiba/AP25_PH_Sensor/src/install/micro_ros_agent/lib'
[34.037s] Level 1:colcon.colcon_core.shell:create_environment_hook('micro_ros_agent', 'ld_library_path_lib')
[34.038s] INFO:colcon.colcon_core.shell:Creating environment hook '/home/habiba/AP25_PH_Sensor/src/install/micro_ros_agent/share/micro_ros_agent/hook/ld_library_path_lib.ps1'
[34.038s] INFO:colcon.colcon_core.shell:Creating environment descriptor '/home/habiba/AP25_PH_Sensor/src/install/micro_ros_agent/share/micro_ros_agent/hook/ld_library_path_lib.dsv'
[34.038s] INFO:colcon.colcon_core.shell:Creating environment hook '/home/habiba/AP25_PH_Sensor/src/install/micro_ros_agent/share/micro_ros_agent/hook/ld_library_path_lib.sh'
[34.039s] Level 1:colcon.colcon_core.environment:checking '/home/habiba/AP25_PH_Sensor/src/install/micro_ros_agent/bin'
[34.039s] Level 1:colcon.colcon_core.environment:checking '/home/habiba/AP25_PH_Sensor/src/install/micro_ros_agent/lib/pkgconfig/micro_ros_agent.pc'
[34.039s] Level 1:colcon.colcon_core.environment:checking '/home/habiba/AP25_PH_Sensor/src/install/micro_ros_agent/lib/python3.10/site-packages'
[34.039s] Level 1:colcon.colcon_core.environment:checking '/home/habiba/AP25_PH_Sensor/src/install/micro_ros_agent/bin'
[34.039s] INFO:colcon.colcon_core.shell:Creating package script '/home/habiba/AP25_PH_Sensor/src/install/micro_ros_agent/share/micro_ros_agent/package.ps1'
[34.040s] INFO:colcon.colcon_core.shell:Creating package descriptor '/home/habiba/AP25_PH_Sensor/src/install/micro_ros_agent/share/micro_ros_agent/package.dsv'
[34.040s] INFO:colcon.colcon_core.shell:Creating package script '/home/habiba/AP25_PH_Sensor/src/install/micro_ros_agent/share/micro_ros_agent/package.sh'
[34.041s] INFO:colcon.colcon_core.shell:Creating package script '/home/habiba/AP25_PH_Sensor/src/install/micro_ros_agent/share/micro_ros_agent/package.bash'
[34.041s] INFO:colcon.colcon_core.shell:Creating package script '/home/habiba/AP25_PH_Sensor/src/install/micro_ros_agent/share/micro_ros_agent/package.zsh'
[34.041s] Level 1:colcon.colcon_core.environment:create_file_with_runtime_dependencies(/home/habiba/AP25_PH_Sensor/src/install/micro_ros_agent/share/colcon-core/packages/micro_ros_agent)
[34.066s] Level 1:colcon.colcon_core.environment:create_environment_scripts_only(micro_ros_agent)
[34.067s] Level 1:colcon.colcon_core.environment:checking '/home/habiba/AP25_PH_Sensor/src/install/micro_ros_agent' for CMake module files
[34.067s] Level 1:colcon.colcon_core.environment:checking '/home/habiba/AP25_PH_Sensor/src/install/micro_ros_agent' for CMake config files
[34.068s] Level 1:colcon.colcon_core.shell:create_environment_hook('micro_ros_agent', 'cmake_prefix_path')
[34.068s] INFO:colcon.colcon_core.shell:Creating environment hook '/home/habiba/AP25_PH_Sensor/src/install/micro_ros_agent/share/micro_ros_agent/hook/cmake_prefix_path.ps1'
[34.069s] INFO:colcon.colcon_core.shell:Creating environment descriptor '/home/habiba/AP25_PH_Sensor/src/install/micro_ros_agent/share/micro_ros_agent/hook/cmake_prefix_path.dsv'
[34.069s] INFO:colcon.colcon_core.shell:Creating environment hook '/home/habiba/AP25_PH_Sensor/src/install/micro_ros_agent/share/micro_ros_agent/hook/cmake_prefix_path.sh'
[34.069s] Level 1:colcon.colcon_core.environment:checking '/home/habiba/AP25_PH_Sensor/src/install/micro_ros_agent/lib'
[34.069s] Level 1:colcon.colcon_core.shell:create_environment_hook('micro_ros_agent', 'ld_library_path_lib')
[34.070s] INFO:colcon.colcon_core.shell:Creating environment hook '/home/habiba/AP25_PH_Sensor/src/install/micro_ros_agent/share/micro_ros_agent/hook/ld_library_path_lib.ps1'
[34.070s] INFO:colcon.colcon_core.shell:Creating environment descriptor '/home/habiba/AP25_PH_Sensor/src/install/micro_ros_agent/share/micro_ros_agent/hook/ld_library_path_lib.dsv'
[34.070s] INFO:colcon.colcon_core.shell:Creating environment hook '/home/habiba/AP25_PH_Sensor/src/install/micro_ros_agent/share/micro_ros_agent/hook/ld_library_path_lib.sh'
[34.071s] Level 1:colcon.colcon_core.environment:checking '/home/habiba/AP25_PH_Sensor/src/install/micro_ros_agent/bin'
[34.071s] Level 1:colcon.colcon_core.environment:checking '/home/habiba/AP25_PH_Sensor/src/install/micro_ros_agent/lib/pkgconfig/micro_ros_agent.pc'
[34.071s] Level 1:colcon.colcon_core.environment:checking '/home/habiba/AP25_PH_Sensor/src/install/micro_ros_agent/lib/python3.10/site-packages'
[34.071s] Level 1:colcon.colcon_core.environment:checking '/home/habiba/AP25_PH_Sensor/src/install/micro_ros_agent/bin'
[34.071s] INFO:colcon.colcon_core.shell:Creating package script '/home/habiba/AP25_PH_Sensor/src/install/micro_ros_agent/share/micro_ros_agent/package.ps1'
[34.072s] INFO:colcon.colcon_core.shell:Creating package descriptor '/home/habiba/AP25_PH_Sensor/src/install/micro_ros_agent/share/micro_ros_agent/package.dsv'
[34.073s] INFO:colcon.colcon_core.shell:Creating package script '/home/habiba/AP25_PH_Sensor/src/install/micro_ros_agent/share/micro_ros_agent/package.sh'
[34.073s] INFO:colcon.colcon_core.shell:Creating package script '/home/habiba/AP25_PH_Sensor/src/install/micro_ros_agent/share/micro_ros_agent/package.bash'
[34.074s] INFO:colcon.colcon_core.shell:Creating package script '/home/habiba/AP25_PH_Sensor/src/install/micro_ros_agent/share/micro_ros_agent/package.zsh'
[34.074s] Level 1:colcon.colcon_core.environment:create_file_with_runtime_dependencies(/home/habiba/AP25_PH_Sensor/src/install/micro_ros_agent/share/colcon-core/packages/micro_ros_agent)
[34.074s] DEBUG:colcon.colcon_parallel_executor.executor.parallel:closing loop
[34.074s] DEBUG:colcon.colcon_parallel_executor.executor.parallel:loop closed
[34.074s] DEBUG:colcon.colcon_parallel_executor.executor.parallel:run_until_complete finished with '0'
[34.075s] DEBUG:colcon.colcon_core.event_reactor:joining thread
[34.080s] INFO:colcon.colcon_core.plugin_system:Skipping extension 'colcon_notification.desktop_notification.terminal_notifier': Not used on non-Darwin systems
[34.081s] INFO:colcon.colcon_core.plugin_system:Skipping extension 'colcon_notification.desktop_notification.win32': Not used on non-Windows systems
[34.081s] INFO:colcon.colcon_notification.desktop_notification:Sending desktop notification using 'notify2'
[34.102s] DEBUG:colcon.colcon_core.event_reactor:joined thread
[34.102s] INFO:colcon.colcon_core.shell:Creating prefix script '/home/habiba/AP25_PH_Sensor/src/install/local_setup.ps1'
[34.103s] INFO:colcon.colcon_core.shell:Creating prefix util module '/home/habiba/AP25_PH_Sensor/src/install/_local_setup_util_ps1.py'
[34.105s] INFO:colcon.colcon_core.shell:Creating prefix chain script '/home/habiba/AP25_PH_Sensor/src/install/setup.ps1'
[34.106s] INFO:colcon.colcon_core.shell:Creating prefix script '/home/habiba/AP25_PH_Sensor/src/install/local_setup.sh'
[34.107s] INFO:colcon.colcon_core.shell:Creating prefix util module '/home/habiba/AP25_PH_Sensor/src/install/_local_setup_util_sh.py'
[34.108s] INFO:colcon.colcon_core.shell:Creating prefix chain script '/home/habiba/AP25_PH_Sensor/src/install/setup.sh'
[34.109s] INFO:colcon.colcon_core.shell:Creating prefix script '/home/habiba/AP25_PH_Sensor/src/install/local_setup.bash'
[34.110s] INFO:colcon.colcon_core.shell:Creating prefix chain script '/home/habiba/AP25_PH_Sensor/src/install/setup.bash'
[34.111s] INFO:colcon.colcon_core.shell:Creating prefix script '/home/habiba/AP25_PH_Sensor/src/install/local_setup.zsh'
[34.112s] INFO:colcon.colcon_core.shell:Creating prefix chain script '/home/habiba/AP25_PH_Sensor/src/install/setup.zsh'
